<?xml version="1.0" encoding="UTF-8"?>
<testng-results ignored="0" total="13" passed="12" failed="1" skipped="0">
  <reporter-output>
  </reporter-output>
  <suite started-at="2020-06-19T21:47:19 BST" name="Suite" finished-at="2020-06-19T21:47:19 BST" duration-ms="186">
    <groups>
      <group name="smoke">
        <method signature="day1.smoke()[pri:0, instance:testNG.day1@7920ba90]" name="smoke" class="testNG.day1"/>
      </group> <!-- smoke -->
    </groups>
    <test started-at="2020-06-19T21:47:19 BST" name="Loan department" finished-at="2020-06-19T21:47:19 BST" duration-ms="186">
      <class name="testNG.day3">
        <test-method signature="loginapicarloan()[pri:0, instance:testNG.day3@6b419da]" started-at="2020-06-19T21:47:19 BST" name="loginapicarloan" finished-at="2020-06-19T21:47:19 BST" duration-ms="1" status="PASS">
          <reporter-output>
          </reporter-output>
        </test-method> <!-- loginapicarloan -->
        <test-method signature="mobilelogincarloan()[pri:0, instance:testNG.day3@6b419da]" started-at="2020-06-19T21:47:19 BST" name="mobilelogincarloan" finished-at="2020-06-19T21:47:19 BST" duration-ms="14" status="PASS">
          <reporter-output>
          </reporter-output>
        </test-method> <!-- mobilelogincarloan -->
        <test-method signature="mobilelsignoutloan()[pri:0, instance:testNG.day3@6b419da]" started-at="2020-06-19T21:47:19 BST" name="mobilelsignoutloan" finished-at="2020-06-19T21:47:19 BST" duration-ms="7" status="PASS">
          <reporter-output>
          </reporter-output>
        </test-method> <!-- mobilelsignoutloan -->
        <test-method signature="mobilesigncarloan()[pri:0, instance:testNG.day3@6b419da]" started-at="2020-06-19T21:47:19 BST" name="mobilesigncarloan" finished-at="2020-06-19T21:47:19 BST" duration-ms="2" status="PASS">
          <reporter-output>
          </reporter-output>
        </test-method> <!-- mobilesigncarloan -->
        <test-method signature="weblogincar()[pri:0, instance:testNG.day3@6b419da]" started-at="2020-06-19T21:47:19 BST" name="weblogincar" finished-at="2020-06-19T21:47:19 BST" duration-ms="3" status="PASS">
          <reporter-output>
          </reporter-output>
        </test-method> <!-- weblogincar -->
      </class> <!-- testNG.day3 -->
      <class name="testNG.day4">
        <test-method signature="loginapihomeloan()[pri:0, instance:testNG.day4@5906ebcb]" started-at="2020-06-19T21:47:19 BST" name="loginapihomeloan" finished-at="2020-06-19T21:47:19 BST" duration-ms="2" status="PASS">
          <reporter-output>
          </reporter-output>
        </test-method> <!-- loginapihomeloan -->
        <test-method signature="mobileloginhomeloan()[pri:0, instance:testNG.day4@5906ebcb]" started-at="2020-06-19T21:47:19 BST" name="mobileloginhomeloan" finished-at="2020-06-19T21:47:19 BST" duration-ms="3" status="PASS">
          <reporter-output>
          </reporter-output>
        </test-method> <!-- mobileloginhomeloan -->
        <test-method signature="webloginhome()[pri:0, instance:testNG.day4@5906ebcb]" started-at="2020-06-19T21:47:19 BST" name="webloginhome" finished-at="2020-06-19T21:47:19 BST" duration-ms="3" status="PASS">
          <reporter-output>
          </reporter-output>
        </test-method> <!-- webloginhome -->
      </class> <!-- testNG.day4 -->
      <class name="testNG.day1">
        <test-method signature="demo()[pri:0, instance:testNG.day1@7920ba90]" started-at="2020-06-19T21:47:19 BST" name="demo" finished-at="2020-06-19T21:47:19 BST" duration-ms="10" status="PASS">
          <reporter-output>
          </reporter-output>
        </test-method> <!-- demo -->
        <test-method signature="demoTwo()[pri:0, instance:testNG.day1@7920ba90]" started-at="2020-06-19T21:47:19 BST" name="demoTwo" finished-at="2020-06-19T21:47:19 BST" duration-ms="6" status="PASS">
          <reporter-output>
          </reporter-output>
        </test-method> <!-- demoTwo -->
        <test-method signature="smoke()[pri:0, instance:testNG.day1@7920ba90]" started-at="2020-06-19T21:47:19 BST" name="smoke" finished-at="2020-06-19T21:47:19 BST" duration-ms="3" status="PASS">
          <reporter-output>
          </reporter-output>
        </test-method> <!-- smoke -->
      </class> <!-- testNG.day1 -->
      <class name="testNG.day2">
        <test-method signature="listeners()[pri:0, instance:testNG.day2@3b2da18f]" started-at="2020-06-19T21:47:19 BST" name="listeners" finished-at="2020-06-19T21:47:19 BST" duration-ms="6" status="FAIL">
          <exception class="java.lang.AssertionError">
            <message>
              <![CDATA[expected [true] but found [false]]]>
            </message>
            <full-stacktrace>
              <![CDATA[java.lang.AssertionError: expected [true] but found [false]
at org.testng.Assert.fail(Assert.java:97)
at org.testng.Assert.failNotEquals(Assert.java:969)
at org.testng.Assert.assertTrue(Assert.java:43)
at org.testng.Assert.assertTrue(Assert.java:53)
at testNG.day2.listeners(day2.java:19)
at java.base/jdk.internal.reflect.NativeMethodAccessorImpl.invoke0(Native Method)
at java.base/jdk.internal.reflect.NativeMethodAccessorImpl.invoke(NativeMethodAccessorImpl.java:62)
at java.base/jdk.internal.reflect.DelegatingMethodAccessorImpl.invoke(DelegatingMethodAccessorImpl.java:43)
at java.base/java.lang.reflect.Method.invoke(Method.java:567)
at org.testng.internal.MethodInvocationHelper.invokeMethod(MethodInvocationHelper.java:134)
at org.testng.internal.TestInvoker.invokeMethod(TestInvoker.java:597)
at org.testng.internal.TestInvoker.invokeTestMethod(TestInvoker.java:173)
at org.testng.internal.MethodRunner.runInSequence(MethodRunner.java:46)
at org.testng.internal.TestInvoker$MethodInvocationAgent.invoke(TestInvoker.java:816)
at org.testng.internal.TestInvoker.invokeTestMethods(TestInvoker.java:146)
at org.testng.internal.TestMethodWorker.invokeTestMethods(TestMethodWorker.java:146)
at org.testng.internal.TestMethodWorker.run(TestMethodWorker.java:128)
at java.base/java.util.ArrayList.forEach(ArrayList.java:1540)
at org.testng.TestRunner.privateRun(TestRunner.java:766)
at org.testng.TestRunner.run(TestRunner.java:587)
at org.testng.SuiteRunner.runTest(SuiteRunner.java:384)
at org.testng.SuiteRunner.runSequentially(SuiteRunner.java:378)
at org.testng.SuiteRunner.privateRun(SuiteRunner.java:337)
at org.testng.SuiteRunner.run(SuiteRunner.java:286)
at org.testng.SuiteRunnerWorker.runSuite(SuiteRunnerWorker.java:53)
at org.testng.SuiteRunnerWorker.run(SuiteRunnerWorker.java:96)
at org.testng.TestNG.runSuitesSequentially(TestNG.java:1187)
at org.testng.TestNG.runSuitesLocally(TestNG.java:1109)
at org.testng.TestNG.runSuites(TestNG.java:1039)
at org.testng.TestNG.run(TestNG.java:1007)
at org.testng.remote.AbstractRemoteTestNG.run(AbstractRemoteTestNG.java:115)
at org.testng.remote.RemoteTestNG.initAndRun(RemoteTestNG.java:251)
at org.testng.remote.RemoteTestNG.main(RemoteTestNG.java:77)
]]>
            </full-stacktrace>
          </exception> <!-- java.lang.AssertionError -->
          <reporter-output>
          </reporter-output>
        </test-method> <!-- listeners -->
        <test-method signature="login()[pri:0, instance:testNG.day2@3b2da18f]" started-at="2020-06-19T21:47:19 BST" name="login" finished-at="2020-06-19T21:47:19 BST" duration-ms="3" status="PASS">
          <reporter-output>
          </reporter-output>
        </test-method> <!-- login -->
      </class> <!-- testNG.day2 -->
    </test> <!-- Loan department -->
  </suite> <!-- Suite -->
</testng-results>
